tordnscrypt/build/intermediates/manifest_merge_blame_file/fdroidArm64Debug/manifest-merger-blame-fdroid-arm64-debug-report.txt
1<?xml version="1.0" encoding="utf-8"?>
2<manifest xmlns:android="http://schemas.android.com/apk/res/android"
3    package="com.fulldive.tordnscrypt"
4    android:installLocation="internalOnly"
5    android:targetSandboxVersion="1"
6    android:versionCode="3133"
7    android:versionName="5.3.0" >
8
9    <uses-sdk
10        android:minSdkVersion="19"
11        android:targetSdkVersion="30" />
12
13    <uses-feature
13-->src/main/AndroidManifest.xml:9:5-11:36
14        android:name="android.software.leanback"
14-->src/main/AndroidManifest.xml:10:9-49
15        android:required="false" />
15-->src/main/AndroidManifest.xml:11:9-33
16    <uses-feature
16-->src/main/AndroidManifest.xml:12:5-14:36
17        android:name="android.hardware.touchscreen"
17-->src/main/AndroidManifest.xml:13:9-52
18        android:required="false" />
18-->src/main/AndroidManifest.xml:14:9-33
19
20    <uses-permission
20-->src/main/AndroidManifest.xml:16:5-18:38
21        android:name="android.permission.WRITE_EXTERNAL_STORAGE"
21-->src/main/AndroidManifest.xml:17:9-65
22        android:maxSdkVersion="28" />
22-->src/main/AndroidManifest.xml:18:9-35
23    <uses-permission android:name="android.permission.READ_EXTERNAL_STORAGE" />
23-->src/main/AndroidManifest.xml:19:5-80
23-->src/main/AndroidManifest.xml:19:22-77
24    <uses-permission android:name="android.permission.RECEIVE_BOOT_COMPLETED" />
24-->src/main/AndroidManifest.xml:20:5-81
24-->src/main/AndroidManifest.xml:20:22-78
25    <uses-permission android:name="android.permission.ACCESS_WIFI_STATE" />
25-->src/main/AndroidManifest.xml:21:5-76
25-->src/main/AndroidManifest.xml:21:22-73
26    <uses-permission android:name="android.permission.ACCESS_NETWORK_STATE" />
26-->src/main/AndroidManifest.xml:24:5-79
26-->src/main/AndroidManifest.xml:24:22-76
27    <uses-permission android:name="android.permission.INTERNET" />
27-->src/main/AndroidManifest.xml:25:5-67
27-->src/main/AndroidManifest.xml:25:22-64
28    <uses-permission android:name="android.permission.FOREGROUND_SERVICE" />
28-->src/main/AndroidManifest.xml:26:5-77
28-->src/main/AndroidManifest.xml:26:22-74
29    <uses-permission android:name="android.permission.WAKE_LOCK" />
29-->src/main/AndroidManifest.xml:28:5-68
29-->src/main/AndroidManifest.xml:28:22-65
30    <uses-permission android:name="android.permission.QUERY_ALL_PACKAGES" />
30-->src/main/AndroidManifest.xml:29:5-31:53
30-->src/main/AndroidManifest.xml:30:9-61
31    <uses-permission android:name="android.permission.VIBRATE" />
31-->src/main/AndroidManifest.xml:32:5-66
31-->src/main/AndroidManifest.xml:32:22-63
32
33    <application
33-->src/main/AndroidManifest.xml:44:5-162:19
34        android:name="pan.alexander.tordnscrypt.ApplicationBase"
34-->src/main/AndroidManifest.xml:45:9-40
35        android:allowBackup="false"
35-->src/main/AndroidManifest.xml:46:9-36
36        android:appCategory="productivity"
36-->src/main/AndroidManifest.xml:47:9-43
37        android:appComponentFactory="androidx.core.app.CoreComponentFactory"
37-->[androidx.core:core:1.5.0] AndroidManifest.xml:24:18-86
38        android:banner="@mipmap/ic_launcher"
38-->src/main/AndroidManifest.xml:48:9-45
39        android:debuggable="true"
40        android:extractNativeLibs="true"
40-->src/main/AndroidManifest.xml:49:9-41
41        android:hardwareAccelerated="true"
41-->src/main/AndroidManifest.xml:50:9-43
42        android:icon="@mipmap/ic_launcher"
42-->src/main/AndroidManifest.xml:51:9-43
43        android:label="@string/app_name"
43-->src/main/AndroidManifest.xml:52:9-41
44        android:largeHeap="true"
44-->src/main/AndroidManifest.xml:53:9-33
45        android:logo="@mipmap/ic_launcher"
45-->src/main/AndroidManifest.xml:54:9-43
46        android:networkSecurityConfig="@xml/network_security_config"
46-->src/main/AndroidManifest.xml:55:9-69
47        android:roundIcon="@mipmap/ic_launcher_round"
47-->src/main/AndroidManifest.xml:56:9-54
48        android:supportsRtl="true"
48-->src/main/AndroidManifest.xml:57:9-35
49        android:theme="@style/AppTheme"
49-->src/main/AndroidManifest.xml:58:9-40
50        android:usesCleartextTraffic="true" >
50-->src/main/AndroidManifest.xml:59:9-44
51        <service
51-->src/main/AndroidManifest.xml:62:9-66:43
52            android:name="pan.alexander.tordnscrypt.utils.AppExitDetectService"
52-->src/main/AndroidManifest.xml:63:13-55
53            android:enabled="true"
53-->src/main/AndroidManifest.xml:64:13-35
54            android:exported="false"
54-->src/main/AndroidManifest.xml:65:13-37
55            android:stopWithTask="true" />
55-->src/main/AndroidManifest.xml:66:13-40
56        <service
56-->src/main/AndroidManifest.xml:67:9-70:40
57            android:name="pan.alexander.tordnscrypt.update.UpdateService"
57-->src/main/AndroidManifest.xml:68:13-49
58            android:enabled="true"
58-->src/main/AndroidManifest.xml:69:13-35
59            android:exported="false" />
59-->src/main/AndroidManifest.xml:70:13-37
60
61        <activity android:name="pan.alexander.tordnscrypt.help.HelpActivity" />
61-->src/main/AndroidManifest.xml:72:9-55
61-->src/main/AndroidManifest.xml:72:19-52
62
63        <service
63-->src/main/AndroidManifest.xml:74:9-77:40
64            android:name="pan.alexander.tordnscrypt.utils.RootExecService"
64-->src/main/AndroidManifest.xml:75:13-50
65            android:enabled="true"
65-->src/main/AndroidManifest.xml:76:13-35
66            android:exported="false" />
66-->src/main/AndroidManifest.xml:77:13-37
67        <service
67-->src/main/AndroidManifest.xml:78:9-81:40
68            android:name="pan.alexander.tordnscrypt.modules.ModulesService"
68-->src/main/AndroidManifest.xml:79:13-51
69            android:enabled="true"
69-->src/main/AndroidManifest.xml:80:13-35
70            android:exported="false" />
70-->src/main/AndroidManifest.xml:81:13-37
71
72        <activity
72-->src/main/AndroidManifest.xml:83:9-106:20
73            android:name="pan.alexander.tordnscrypt.MainActivity"
73-->src/main/AndroidManifest.xml:84:13-41
74            android:label="@string/main_activity_label"
74-->src/main/AndroidManifest.xml:85:13-56
75            android:theme="@style/AppTheme.NoActionBar" >
75-->src/main/AndroidManifest.xml:86:13-56
76            <intent-filter>
76-->src/main/AndroidManifest.xml:87:13-92:29
77                <action android:name="android.intent.action.MAIN" />
77-->src/main/AndroidManifest.xml:88:17-69
77-->src/main/AndroidManifest.xml:88:25-66
78
79                <category android:name="android.intent.category.LEANBACK_LAUNCHER" />
79-->src/main/AndroidManifest.xml:90:17-86
79-->src/main/AndroidManifest.xml:90:27-83
80                <category android:name="android.intent.category.LAUNCHER" />
80-->src/main/AndroidManifest.xml:91:17-77
80-->src/main/AndroidManifest.xml:91:27-74
81            </intent-filter>
82            <intent-filter>
82-->src/main/AndroidManifest.xml:93:13-105:29
83                <action android:name="android.intent.action.VIEW" />
83-->src/main/AndroidManifest.xml:94:17-69
83-->src/main/AndroidManifest.xml:94:25-66
84
85                <category android:name="android.intent.category.DEFAULT" />
85-->src/main/AndroidManifest.xml:96:17-76
85-->src/main/AndroidManifest.xml:96:27-73
86                <category android:name="android.intent.category.BROWSABLE" />
86-->src/main/AndroidManifest.xml:97:17-78
86-->src/main/AndroidManifest.xml:97:27-75
87
88                <data
88-->src/main/AndroidManifest.xml:99:17-101:46
89                    android:host="www.invizible.net"
89-->src/main/AndroidManifest.xml:100:21-53
90                    android:scheme="https" />
90-->src/main/AndroidManifest.xml:101:21-43
91                <data
91-->src/main/AndroidManifest.xml:99:17-101:46
92                    android:host="invizible.net"
92-->src/main/AndroidManifest.xml:100:21-53
93                    android:scheme="http" />
93-->src/main/AndroidManifest.xml:101:21-43
94            </intent-filter>
95        </activity>
96
97        <receiver
97-->src/main/AndroidManifest.xml:108:9-120:20
98            android:name="pan.alexander.tordnscrypt.BootCompleteReceiver"
98-->src/main/AndroidManifest.xml:109:13-49
99            android:enabled="true" >
99-->src/main/AndroidManifest.xml:110:13-35
100            <intent-filter>
100-->src/main/AndroidManifest.xml:111:13-119:29
101                <action android:name="android.intent.action.BOOT_COMPLETED" />
101-->src/main/AndroidManifest.xml:112:17-79
101-->src/main/AndroidManifest.xml:112:25-76
102                <action android:name="android.intent.action.QUICKBOOT_POWERON" />
102-->src/main/AndroidManifest.xml:113:17-82
102-->src/main/AndroidManifest.xml:113:25-79
103                <action android:name="android.intent.action.MY_PACKAGE_REPLACED" />
103-->src/main/AndroidManifest.xml:114:17-84
103-->src/main/AndroidManifest.xml:114:25-81
104                <action android:name="pan.alexander.tordnscrypt.ALWAYS_ON_VPN" />
104-->src/main/AndroidManifest.xml:115:17-82
104-->src/main/AndroidManifest.xml:115:25-79
105                <action android:name="pan.alexander.tordnscrypt.SHELL_SCRIPT_CONTROL" />
105-->src/main/AndroidManifest.xml:116:17-89
105-->src/main/AndroidManifest.xml:116:25-86
106                <action android:name="com.htc.intent.action.QUICKBOOT_POWERON" />
106-->src/main/AndroidManifest.xml:117:17-82
106-->src/main/AndroidManifest.xml:117:25-79
107                <action android:name="android.intent.action.REBOOT" />
107-->src/main/AndroidManifest.xml:118:17-71
107-->src/main/AndroidManifest.xml:118:25-68
108            </intent-filter>
109        </receiver>
110        <receiver
110-->src/main/AndroidManifest.xml:122:9-124:40
111            android:name="pan.alexander.tordnscrypt.settings.firewall.FirewallNotification"
111-->src/main/AndroidManifest.xml:123:13-67
112            android:exported="false" />
112-->src/main/AndroidManifest.xml:124:13-37
113
114        <activity
114-->src/main/AndroidManifest.xml:126:9-128:47
115            android:name="pan.alexander.tordnscrypt.backup.BackupActivity"
115-->src/main/AndroidManifest.xml:127:13-50
116            android:theme="@style/AppTheme" />
116-->src/main/AndroidManifest.xml:128:13-44
117        <activity
117-->src/main/AndroidManifest.xml:129:9-132:47
118            android:name="pan.alexander.tordnscrypt.SettingsActivity"
118-->src/main/AndroidManifest.xml:130:13-45
119            android:label="@string/empty_string"
119-->src/main/AndroidManifest.xml:131:13-49
120            android:theme="@style/AppTheme" />
120-->src/main/AndroidManifest.xml:132:13-44
121        <activity android:name="pan.alexander.tordnscrypt.AboutActivity" />
121-->src/main/AndroidManifest.xml:133:9-51
121-->src/main/AndroidManifest.xml:133:19-48
122
123        <service
123-->src/main/AndroidManifest.xml:135:9-139:72
124            android:name="pan.alexander.tordnscrypt.utils.GetIPsJobService"
124-->src/main/AndroidManifest.xml:136:13-51
125            android:enabled="true"
125-->src/main/AndroidManifest.xml:137:13-35
126            android:exported="true"
126-->src/main/AndroidManifest.xml:138:13-36
127            android:permission="android.permission.BIND_JOB_SERVICE" />
127-->src/main/AndroidManifest.xml:139:13-69
128        <service
128-->src/main/AndroidManifest.xml:140:9-147:19
129            android:name="pan.alexander.tordnscrypt.vpn.service.ServiceVPN"
129-->src/main/AndroidManifest.xml:141:13-51
130            android:label="@string/app_name"
130-->src/main/AndroidManifest.xml:142:13-45
131            android:permission="android.permission.BIND_VPN_SERVICE" >
131-->src/main/AndroidManifest.xml:143:13-69
132            <intent-filter>
132-->src/main/AndroidManifest.xml:144:13-146:29
133                <action android:name="android.net.VpnService" />
133-->src/main/AndroidManifest.xml:145:17-65
133-->src/main/AndroidManifest.xml:145:25-62
134            </intent-filter>
135        </service>
136
137        <provider
138            android:name="androidx.core.content.FileProvider"
138-->src/fdroid/AndroidManifest.xml:159:13-62
139            android:authorities="com.fulldive.tordnscrypt.fileprovider"
139-->src/fdroid/AndroidManifest.xml:160:13-64
140            android:exported="false"
140-->src/fdroid/AndroidManifest.xml:161:13-37
141            android:grantUriPermissions="true" >
141-->src/fdroid/AndroidManifest.xml:162:13-47
142            <meta-data
142-->src/fdroid/AndroidManifest.xml:163:13-165:53
143                android:name="android.support.FILE_PROVIDER_PATHS"
143-->src/fdroid/AndroidManifest.xml:164:17-67
144                android:resource="@xml/filepaths" />
144-->src/fdroid/AndroidManifest.xml:165:17-50
145        </provider>
146        <provider
146-->src/main/AndroidManifest.xml:158:9-161:39
147            android:name="pan.alexander.tordnscrypt.appextension.ExtensionContentProvider"
147-->src/main/AndroidManifest.xml:159:13-66
148            android:authorities="com.fulldive.tordnscrypt"
148-->src/main/AndroidManifest.xml:160:13-59
149            android:exported="true" />
149-->src/main/AndroidManifest.xml:161:13-36
150
151        <service
151-->[com.squareup.leakcanary:leakcanary-android:2.6] AndroidManifest.xml:23:9-25:40
152            android:name="leakcanary.internal.HeapAnalyzerService"
152-->[com.squareup.leakcanary:leakcanary-android:2.6] AndroidManifest.xml:24:13-67
153            android:exported="false" />
153-->[com.squareup.leakcanary:leakcanary-android:2.6] AndroidManifest.xml:25:13-37
154
155        <provider
155-->[com.squareup.leakcanary:leakcanary-android-core:2.6] AndroidManifest.xml:29:9-37:20
156            android:name="leakcanary.internal.LeakCanaryFileProvider"
156-->[com.squareup.leakcanary:leakcanary-android-core:2.6] AndroidManifest.xml:30:13-70
157            android:authorities="com.squareup.leakcanary.fileprovider.com.fulldive.tordnscrypt"
157-->[com.squareup.leakcanary:leakcanary-android-core:2.6] AndroidManifest.xml:31:13-88
158            android:exported="false"
158-->[com.squareup.leakcanary:leakcanary-android-core:2.6] AndroidManifest.xml:32:13-37
159            android:grantUriPermissions="true" >
159-->[com.squareup.leakcanary:leakcanary-android-core:2.6] AndroidManifest.xml:33:13-47
160            <meta-data
160-->src/fdroid/AndroidManifest.xml:163:13-165:53
161                android:name="android.support.FILE_PROVIDER_PATHS"
161-->src/fdroid/AndroidManifest.xml:164:17-67
162                android:resource="@xml/leak_canary_file_paths" />
162-->src/fdroid/AndroidManifest.xml:165:17-50
163        </provider>
164
165        <activity
165-->[com.squareup.leakcanary:leakcanary-android-core:2.6] AndroidManifest.xml:39:9-44:66
166            android:name="leakcanary.internal.activity.LeakActivity"
166-->[com.squareup.leakcanary:leakcanary-android-core:2.6] AndroidManifest.xml:40:13-69
167            android:icon="@mipmap/leak_canary_icon"
167-->[com.squareup.leakcanary:leakcanary-android-core:2.6] AndroidManifest.xml:41:13-52
168            android:label="@string/leak_canary_display_activity_label"
168-->[com.squareup.leakcanary:leakcanary-android-core:2.6] AndroidManifest.xml:42:13-71
169            android:taskAffinity="com.squareup.leakcanary.com.fulldive.tordnscrypt"
169-->[com.squareup.leakcanary:leakcanary-android-core:2.6] AndroidManifest.xml:43:13-76
170            android:theme="@style/leak_canary_LeakCanary.Base" />
170-->[com.squareup.leakcanary:leakcanary-android-core:2.6] AndroidManifest.xml:44:13-63
171
172        <activity-alias
172-->[com.squareup.leakcanary:leakcanary-android-core:2.6] AndroidManifest.xml:46:9-62:26
173            android:name="leakcanary.internal.activity.LeakLauncherActivity"
173-->[com.squareup.leakcanary:leakcanary-android-core:2.6] AndroidManifest.xml:47:13-77
174            android:banner="@drawable/leak_canary_tv_icon"
174-->[com.squareup.leakcanary:leakcanary-android-core:2.6] AndroidManifest.xml:48:13-59
175            android:enabled="@bool/leak_canary_add_launcher_icon"
175-->[com.squareup.leakcanary:leakcanary-android-core:2.6] AndroidManifest.xml:49:13-66
176            android:icon="@mipmap/leak_canary_icon"
176-->[com.squareup.leakcanary:leakcanary-android-core:2.6] AndroidManifest.xml:50:13-52
177            android:label="@string/leak_canary_display_activity_label"
177-->[com.squareup.leakcanary:leakcanary-android-core:2.6] AndroidManifest.xml:51:13-71
178            android:targetActivity="leakcanary.internal.activity.LeakActivity"
178-->[com.squareup.leakcanary:leakcanary-android-core:2.6] AndroidManifest.xml:52:13-79
179            android:taskAffinity="com.squareup.leakcanary.com.fulldive.tordnscrypt"
179-->[com.squareup.leakcanary:leakcanary-android-core:2.6] AndroidManifest.xml:53:13-76
180            android:theme="@style/leak_canary_LeakCanary.Base" >
180-->[com.squareup.leakcanary:leakcanary-android-core:2.6] AndroidManifest.xml:54:13-63
181            <intent-filter>
181-->src/main/AndroidManifest.xml:87:13-92:29
182                <action android:name="android.intent.action.MAIN" />
182-->src/main/AndroidManifest.xml:88:17-69
182-->src/main/AndroidManifest.xml:88:25-66
183
184                <category android:name="android.intent.category.LAUNCHER" />
184-->src/main/AndroidManifest.xml:91:17-77
184-->src/main/AndroidManifest.xml:91:27-74
185                <!-- Android TV launcher intent -->
186                <category android:name="android.intent.category.LEANBACK_LAUNCHER" />
186-->src/main/AndroidManifest.xml:90:17-86
186-->src/main/AndroidManifest.xml:90:27-83
187            </intent-filter>
188        </activity-alias>
189
190        <activity
190-->[com.squareup.leakcanary:leakcanary-android-core:2.6] AndroidManifest.xml:64:9-70:68
191            android:name="leakcanary.internal.RequestStoragePermissionActivity"
191-->[com.squareup.leakcanary:leakcanary-android-core:2.6] AndroidManifest.xml:65:13-80
192            android:excludeFromRecents="true"
192-->[com.squareup.leakcanary:leakcanary-android-core:2.6] AndroidManifest.xml:66:13-46
193            android:icon="@mipmap/leak_canary_icon"
193-->[com.squareup.leakcanary:leakcanary-android-core:2.6] AndroidManifest.xml:67:13-52
194            android:label="@string/leak_canary_storage_permission_activity_label"
194-->[com.squareup.leakcanary:leakcanary-android-core:2.6] AndroidManifest.xml:68:13-82
195            android:taskAffinity="com.squareup.leakcanary.com.fulldive.tordnscrypt"
195-->[com.squareup.leakcanary:leakcanary-android-core:2.6] AndroidManifest.xml:69:13-76
196            android:theme="@style/leak_canary_Theme.Transparent" />
196-->[com.squareup.leakcanary:leakcanary-android-core:2.6] AndroidManifest.xml:70:13-65
197
198        <receiver android:name="leakcanary.internal.NotificationReceiver" />
198-->[com.squareup.leakcanary:leakcanary-android-core:2.6] AndroidManifest.xml:72:9-77
198-->[com.squareup.leakcanary:leakcanary-android-core:2.6] AndroidManifest.xml:72:19-74
199
200        <provider
200-->[com.squareup.leakcanary:leakcanary-object-watcher-android:2.6] AndroidManifest.xml:8:9-12:40
201            android:name="leakcanary.internal.AppWatcherInstaller$MainProcess"
201-->[com.squareup.leakcanary:leakcanary-object-watcher-android:2.6] AndroidManifest.xml:9:13-79
202            android:authorities="com.fulldive.tordnscrypt.leakcanary-installer"
202-->[com.squareup.leakcanary:leakcanary-object-watcher-android:2.6] AndroidManifest.xml:10:13-72
203            android:enabled="@bool/leak_canary_watcher_auto_install"
203-->[com.squareup.leakcanary:leakcanary-object-watcher-android:2.6] AndroidManifest.xml:11:13-69
204            android:exported="false" />
204-->[com.squareup.leakcanary:leakcanary-object-watcher-android:2.6] AndroidManifest.xml:12:13-37
205        <provider
205-->[com.squareup.leakcanary:plumber-android:2.6] AndroidManifest.xml:8:9-12:40
206            android:name="leakcanary.internal.PlumberInstaller"
206-->[com.squareup.leakcanary:plumber-android:2.6] AndroidManifest.xml:9:13-64
207            android:authorities="com.fulldive.tordnscrypt.plumber-installer"
207-->[com.squareup.leakcanary:plumber-android:2.6] AndroidManifest.xml:10:13-69
208            android:enabled="@bool/leak_canary_plumber_auto_install"
208-->[com.squareup.leakcanary:plumber-android:2.6] AndroidManifest.xml:11:13-69
209            android:exported="false" />
209-->[com.squareup.leakcanary:plumber-android:2.6] AndroidManifest.xml:12:13-37
210    </application>
211
212</manifest>